# JRE version: OpenJDK Runtime Environment (11.0.15+10) (build 11.0.15+10-Ubuntu-0ubuntu0.20.04.1)
# Java VM: OpenJDK 64-Bit Server VM (11.0.15+10-Ubuntu-0ubuntu0.20.04.1, mixed mode, sharing, tiered, compressed oops, g1 gc, linux-amd64)
Heap:
 garbage-first heap   total 516096K, used 129844K [0x00000000e0000000, 0x0000000100000000)
  region size 1024K, 19 young (19456K), 4 survivors (4096K)
 Metaspace       used 55314K, capacity 57273K, committed 57424K, reserved 1099776K
  class space    used 5518K, capacity 6298K, committed 6400K, reserved 1048576K
GC Heap History (20 events):
Event: 6,292 GC heap before
{Heap before GC invocations=1 (full 0):
 garbage-first heap   total 516096K, used 284883K [0x00000000e0000000, 0x0000000100000000)
  region size 1024K, 267 young (273408K), 4 survivors (4096K)
 Metaspace       used 20509K, capacity 21218K, committed 21296K, reserved 1069056K
  class space    used 2048K, capacity 2387K, committed 2432K, reserved 1048576K
}
Event: 6,339 GC heap after
{Heap after GC invocations=2 (full 0):
 garbage-first heap   total 516096K, used 16813K [0x00000000e0000000, 0x0000000100000000)
  region size 1024K, 13 young (13312K), 13 survivors (13312K)
 Metaspace       used 20509K, capacity 21218K, committed 21296K, reserved 1069056K
  class space    used 2048K, capacity 2387K, committed 2432K, reserved 1048576K
}
Event: 7,194 GC heap before
{Heap before GC invocations=3 (full 0):
 garbage-first heap   total 516096K, used 50605K [0x00000000e0000000, 0x0000000100000000)
  region size 1024K, 44 young (45056K), 13 survivors (13312K)
 Metaspace       used 22627K, capacity 23497K, committed 23856K, reserved 1071104K
  class space    used 2241K, capacity 2595K, committed 2688K, reserved 1048576K
}
Event: 7,232 GC heap after
{Heap after GC invocations=4 (full 0):
 garbage-first heap   total 516096K, used 25767K [0x00000000e0000000, 0x0000000100000000)
  region size 1024K, 6 young (6144K), 6 survivors (6144K)
 Metaspace       used 22627K, capacity 23497K, committed 23856K, reserved 1071104K
  class space    used 2241K, capacity 2595K, committed 2688K, reserved 1048576K
}
Event: 9,537 GC heap before
{Heap before GC invocations=4 (full 0):
 garbage-first heap   total 516096K, used 199847K [0x00000000e0000000, 0x0000000100000000)
  region size 1024K, 176 young (180224K), 6 survivors (6144K)
 Metaspace       used 23801K, capacity 24581K, committed 24624K, reserved 1071104K
  class space    used 2319K, capacity 2686K, committed 2688K, reserved 1048576K
}
Event: 9,562 GC heap after
{Heap after GC invocations=5 (full 0):
 garbage-first heap   total 516096K, used 42475K [0x00000000e0000000, 0x0000000100000000)
  region size 1024K, 22 young (22528K), 22 survivors (22528K)
 Metaspace       used 23801K, capacity 24581K, committed 24624K, reserved 1071104K
  class space    used 2319K, capacity 2686K, committed 2688K, reserved 1048576K
}
Event: 11,978 GC heap before
{Heap before GC invocations=5 (full 0):
 garbage-first heap   total 516096K, used 198123K [0x00000000e0000000, 0x0000000100000000)
  region size 1024K, 172 young (176128K), 22 survivors (22528K)
 Metaspace       used 30708K, capacity 31724K, committed 32176K, reserved 1077248K
  class space    used 3017K, capacity 3507K, committed 3584K, reserved 1048576K
}
Event: 12,010 GC heap after
{Heap after GC invocations=6 (full 0):
 garbage-first heap   total 516096K, used 44504K [0x00000000e0000000, 0x0000000100000000)
  region size 1024K, 3 young (3072K), 3 survivors (3072K)
 Metaspace       used 30708K, capacity 31724K, committed 32176K, reserved 1077248K
  class space    used 3017K, capacity 3507K, committed 3584K, reserved 1048576K
}
Event: 14,063 GC heap before
{Heap before GC invocations=6 (full 0):
 garbage-first heap   total 516096K, used 115160K [0x00000000e0000000, 0x0000000100000000)
  region size 1024K, 73 young (74752K), 3 survivors (3072K)
 Metaspace       used 34522K, capacity 35560K, committed 35920K, reserved 1081344K
  class space    used 3564K, capacity 4057K, committed 4096K, reserved 1048576K
}
Event: 14,087 GC heap after
{Heap after GC invocations=7 (full 0):
 garbage-first heap   total 516096K, used 44174K [0x00000000e0000000, 0x0000000100000000)
  region size 1024K, 3 young (3072K), 3 survivors (3072K)
 Metaspace       used 34522K, capacity 35560K, committed 35920K, reserved 1081344K
  class space    used 3564K, capacity 4057K, committed 4096K, reserved 1048576K
}
Event: 18,507 GC heap before
{Heap before GC invocations=8 (full 0):
 garbage-first heap   total 516096K, used 286862K [0x00000000e0000000, 0x0000000100000000)
  region size 1024K, 240 young (245760K), 3 survivors (3072K)
 Metaspace       used 43720K, capacity 44930K, committed 45136K, reserved 1089536K
  class space    used 4559K, capacity 5110K, committed 5120K, reserved 1048576K
}
Event: 18,548 GC heap after
{Heap after GC invocations=9 (full 0):
 garbage-first heap   total 516096K, used 47732K [0x00000000e0000000, 0x0000000100000000)
  region size 1024K, 7 young (7168K), 7 survivors (7168K)
 Metaspace       used 43720K, capacity 44930K, committed 45136K, reserved 1089536K
  class space    used 4559K, capacity 5110K, committed 5120K, reserved 1048576K
}
Event: 28,318 GC heap before
{Heap before GC invocations=9 (full 0):
 garbage-first heap   total 516096K, used 318068K [0x00000000e0000000, 0x0000000100000000)
  region size 1024K, 271 young (277504K), 7 survivors (7168K)
 Metaspace       used 54584K, capacity 56438K, committed 56528K, reserved 1099776K
  class space    used 5481K, capacity 6245K, committed 6272K, reserved 1048576K
}
Event: 28,386 GC heap after
{Heap after GC invocations=10 (full 0):
 garbage-first heap   total 516096K, used 57058K [0x00000000e0000000, 0x0000000100000000)
  region size 1024K, 16 young (16384K), 16 survivors (16384K)
 Metaspace       used 54584K, capacity 56438K, committed 56528K, reserved 1099776K
  class space    used 5481K, capacity 6245K, committed 6272K, reserved 1048576K
}
Event: 31,974 GC heap before
{Heap before GC invocations=10 (full 0):
 garbage-first heap   total 516096K, used 343778K [0x00000000e0000000, 0x0000000100000000)
  region size 1024K, 296 young (303104K), 16 survivors (16384K)
 Metaspace       used 55229K, capacity 57169K, committed 57424K, reserved 1099776K
  class space    used 5511K, capacity 6292K, committed 6400K, reserved 1048576K
}
Event: 32,063 GC heap after
{Heap after GC invocations=11 (full 0):
 garbage-first heap   total 516096K, used 104880K [0x00000000e0000000, 0x0000000100000000)
  region size 1024K, 37 young (37888K), 37 survivors (37888K)
 Metaspace       used 55229K, capacity 57169K, committed 57424K, reserved 1099776K
  class space    used 5511K, capacity 6292K, committed 6400K, reserved 1048576K
}
Event: 32,363 GC heap before
{Heap before GC invocations=11 (full 0):
 garbage-first heap   total 516096K, used 140720K [0x00000000e0000000, 0x0000000100000000)
  region size 1024K, 72 young (73728K), 37 survivors (37888K)
 Metaspace       used 55263K, capacity 57185K, committed 57424K, reserved 1099776K
  class space    used 5513K, capacity 6294K, committed 6400K, reserved 1048576K
}
Event: 32,430 GC heap after
{Heap after GC invocations=12 (full 0):
 garbage-first heap   total 516096K, used 113864K [0x00000000e0000000, 0x0000000100000000)
  region size 1024K, 9 young (9216K), 9 survivors (9216K)
 Metaspace       used 55263K, capacity 57185K, committed 57424K, reserved 1099776K
  class space    used 5513K, capacity 6294K, committed 6400K, reserved 1048576K
}
Event: 32,524 GC heap before
{Heap before GC invocations=12 (full 0):
 garbage-first heap   total 516096K, used 130248K [0x00000000e0000000, 0x0000000100000000)
  region size 1024K, 25 young (25600K), 9 survivors (9216K)
 Metaspace       used 55288K, capacity 57261K, committed 57424K, reserved 1099776K
  class space    used 5516K, capacity 6296K, committed 6400K, reserved 1048576K
}
Event: 32,540 GC heap after
{Heap after GC invocations=13 (full 0):
 garbage-first heap   total 516096K, used 115508K [0x00000000e0000000, 0x0000000100000000)
  region size 1024K, 4 young (4096K), 4 survivors (4096K)
 Metaspace       used 55288K, capacity 57261K, committed 57424K, reserved 1099776K
  class space    used 5516K, capacity 6296K, committed 6400K, reserved 1048576K
}

